d:\김태윤\113기\framework113\client\includes\debug\client.pch
d:\김태윤\113기\framework113\client\includes\debug\vc140.pdb
d:\김태윤\113기\framework113\client\includes\debug\vc140.idb
d:\김태윤\113기\framework113\client\includes\debug\stdafx.obj
d:\김태윤\113기\framework113\client\includes\debug\loading.obj
d:\김태윤\113기\framework113\client\includes\debug\logo.obj
d:\김태윤\113기\framework113\client\includes\debug\mainapp.obj
d:\김태윤\113기\framework113\client\includes\debug\player.obj
d:\김태윤\113기\framework113\client\includes\debug\stage.obj
d:\김태윤\113기\framework113\client\includes\debug\terrain.obj
d:\김태윤\113기\framework113\client\includes\debug\client.obj
d:\김태윤\113기\framework113\client\includes\debug\maincamera.obj
d:\김태윤\113기\framework113\client\bin\client.ilk
d:\김태윤\113기\framework113\client\bin\client.exe
d:\김태윤\113기\framework113\client\bin\client.pdb
d:\김태윤\113기\framework113\client\includes\debug\client.res
d:\김태윤\113기\framework113\client\includes\../bin/client.exe
d:\김태윤\113기\framework113\client\includes\debug\client.tlog\cl.command.1.tlog
d:\김태윤\113기\framework113\client\includes\debug\client.tlog\cl.read.1.tlog
d:\김태윤\113기\framework113\client\includes\debug\client.tlog\cl.write.1.tlog
d:\김태윤\113기\framework113\client\includes\debug\client.tlog\link.command.1.tlog
d:\김태윤\113기\framework113\client\includes\debug\client.tlog\link.read.1.tlog
d:\김태윤\113기\framework113\client\includes\debug\client.tlog\link.write.1.tlog
d:\김태윤\113기\framework113\client\includes\debug\client.tlog\rc.command.1.tlog
d:\김태윤\113기\framework113\client\includes\debug\client.tlog\rc.read.1.tlog
d:\김태윤\113기\framework113\client\includes\debug\client.tlog\rc.write.1.tlog
