d:\김태윤\113기\framework113\engine\includes\debug\vc140.pdb
d:\김태윤\113기\framework113\engine\includes\debug\vc140.idb
d:\김태윤\113기\framework113\engine\includes\debug\base.obj
d:\김태윤\113기\framework113\engine\includes\debug\component.obj
d:\김태윤\113기\framework113\engine\includes\debug\component_manager.obj
d:\김태윤\113기\framework113\engine\includes\debug\device_manager.obj
d:\김태윤\113기\framework113\engine\includes\debug\gameobject.obj
d:\김태윤\113기\framework113\engine\includes\debug\gameobject_manager.obj
d:\김태윤\113기\framework113\engine\includes\debug\layer.obj
d:\김태윤\113기\framework113\engine\includes\debug\management.obj
d:\김태윤\113기\framework113\engine\includes\debug\renderer.obj
d:\김태윤\113기\framework113\engine\includes\debug\scene.obj
d:\김태윤\113기\framework113\engine\includes\debug\scene_manager.obj
d:\김태윤\113기\framework113\engine\includes\debug\texture.obj
d:\김태윤\113기\framework113\engine\includes\debug\time_manager.obj
d:\김태윤\113기\framework113\engine\includes\debug\transform.obj
d:\김태윤\113기\framework113\engine\includes\debug\vibuffer.obj
d:\김태윤\113기\framework113\engine\includes\debug\vibuffer_rectcolor.obj
d:\김태윤\113기\framework113\engine\includes\debug\vibuffer_recttexture.obj
d:\김태윤\113기\framework113\engine\includes\debug\vibuffer_terraincolor.obj
d:\김태윤\113기\framework113\engine\includes\debug\vibuffer_tricolor.obj
d:\김태윤\113기\framework113\engine\includes\debug\vibuffer_terraintexture.obj
d:\김태윤\113기\framework113\engine\includes\debug\camera.obj
d:\김태윤\113기\framework113\engine\bin\engine.lib
d:\김태윤\113기\framework113\engine\bin\engine.exp
d:\김태윤\113기\framework113\engine\bin\engine.ilk
d:\김태윤\113기\framework113\engine\bin\engine.dll
d:\김태윤\113기\framework113\engine\bin\engine.pdb
d:\김태윤\113기\framework113\engine\includes\../bin/engine.dll
d:\김태윤\113기\framework113\engine\includes\debug\engine.tlog\cl.command.1.tlog
d:\김태윤\113기\framework113\engine\includes\debug\engine.tlog\cl.read.1.tlog
d:\김태윤\113기\framework113\engine\includes\debug\engine.tlog\cl.write.1.tlog
d:\김태윤\113기\framework113\engine\includes\debug\engine.tlog\engine.write.1u.tlog
d:\김태윤\113기\framework113\engine\includes\debug\engine.tlog\link.command.1.tlog
d:\김태윤\113기\framework113\engine\includes\debug\engine.tlog\link.read.1.tlog
d:\김태윤\113기\framework113\engine\includes\debug\engine.tlog\link.write.1.tlog
